<?xml version="1.0" encoding="UTF-8"?>
<!-- Generated by org.testng.reporters.JUnitReportReporter -->
<testsuite hostname="LAPTOP-JDLJ19IK" failures="0" tests="2" name="qaclickacademy.RESTAPITest" time="0.010" errors="0" timestamp="2020-05-14T23:25:46 PDT" skipped="0">
  <testcase classname="qaclickacademy.RESTAPITest" name="postJira" time="0.003"/>
  <testcase classname="qaclickacademy.RESTAPITest" name="deleteTwitter" time="0.007"/>
</testsuite> <!-- qaclickacademy.RESTAPITest -->
